#
# A fatal error has been detected by the Java Runtime Environment:
#
#  EXCEPTION_ACCESS_VIOLATION (0xc0000005) at pc=0x00007fff54833be5, pid=12020, tid=3852
#
# JRE version: Java(TM) SE Runtime Environment (21.0.1+12) (build 21.0.1+12-LTS-29)
# Java VM: Java HotSpot(TM) 64-Bit Server VM (21.0.1+12-LTS-29, mixed mode, sharing, tiered, compressed oops, compressed class ptrs, g1 gc, windows-amd64)
# Problematic frame:
# V  [jvm.dll+0x3b3be5]
#
# No core dump will be written. Minidumps are not enabled by default on client versions of Windows
#
# If you would like to submit a bug report, please visit:
#   https://bugreport.java.com/bugreport/crash.jsp
#

---------------  S U M M A R Y ------------

Command Line: -ea -Didea.test.cyclic.buffer.size=1048576 -javaagent:C:\Users\DELL\Desktop\IntelliJ IDEA 2024.2\lib\idea_rt.jar=60815:C:\Users\DELL\Desktop\IntelliJ IDEA 2024.2\bin -Dfile.encoding=UTF-8 -Dsun.stdout.encoding=UTF-8 -Dsun.stderr.encoding=UTF-8 com.intellij.rt.junit.JUnitStarter -ideVersion5 -junit5 africa.semicolon.wallet.userService.UserServiceTest,testThatUserCanEditProfileByPhoneNumber

Host: Intel(R) Core(TM) i5-6300U CPU @ 2.40GHz, 4 cores, 7G,  Windows 11 , 64 bit Build 22621 (10.0.22621.3958)
Time: Thu Oct 24 08:27:02 2024 W. Central Africa Standard Time elapsed time: 6.473921 seconds (0d 0h 0m 6s)

---------------  T H R E A D  ---------------

Current thread (0x00000139769db2a0):  JavaThread "C2 CompilerThread0" daemon [_thread_in_native, id=3852, stack(0x000000177bd00000,0x000000177be00000) (1024K)]


Current CompileTask:
C2:   6474 3946       4       org.springframework.core.ResolvableType::as (86 bytes)

Stack: [0x000000177bd00000,0x000000177be00000],  sp=0x000000177bdfc930,  free space=1010k
Native frames: (J=compiled Java code, j=interpreted, Vv=VM code, C=native code)
V  [jvm.dll+0x3b3be5]
V  [jvm.dll+0x1e20f7]
V  [jvm.dll+0x249c22]
V  [jvm.dll+0x2490b1]
V  [jvm.dll+0x1c9ca1]
V  [jvm.dll+0x2586b9]
V  [jvm.dll+0x256c9a]
V  [jvm.dll+0x3ef1b6]
V  [jvm.dll+0x7fd728]
V  [jvm.dll+0x6c777d]
C  [ucrtbase.dll+0x29333]
C  [KERNEL32.DLL+0x1257d]
C  [ntdll.dll+0x5af08]


siginfo: EXCEPTION_ACCESS_VIOLATION (0xc0000005), reading address 0xffffffffffffffff


Registers:
RAX=0x000001397c456900, RBX=0x000001397d9dc1d0, RCX=0x0000000000000003, RDX=0x000000000000001e
RSP=0x000000177bdfc930, RBP=0x000000177bdfca70, RSI=0x0000000000001fdb, RDI=0x0000000000001fdb
R8 =0x0000000008000000, R9 =0x00207fff550a2e30, R10=0x0000013976b78f78, R11=0x0000000000000246
R12=0x0000000000000000, R13=0x0000000000000001, R14=0x000000000000001b, R15=0x00007fff550a2e30
RIP=0x00007fff54833be5, EFLAGS=0x0000000000010206


Register to memory mapping:

RAX=0x000001397c456900 points into unknown readable memory: 0x00007fff550a2e30 | 30 2e 0a 55 ff 7f 00 00
RBX=0x000001397d9dc1d0 points into unknown readable memory: 0x0000001c00000024 | 24 00 00 00 1c 00 00 00
RCX=0x0000000000000003 is an unknown value
RDX=0x000000000000001e is an unknown value
RSP=0x000000177bdfc930 is pointing into the stack for thread: 0x00000139769db2a0
RBP=0x000000177bdfca70 is pointing into the stack for thread: 0x00000139769db2a0
RSI=0x0000000000001fdb is an unknown value
RDI=0x0000000000001fdb is an unknown value
R8 =0x0000000008000000 is an unknown value
R9 =0x00207fff550a2e30 is an unknown value
R10=0x0000013976b78f78 points into unknown readable memory: 0x0000000000000000 | 00 00 00 00 00 00 00 00
R11=0x0000000000000246 is an unknown value
R12=0x0 is null
R13=0x0000000000000001 is an unknown value
R14=0x000000000000001b is an unknown value
R15=0x00007fff550a2e30 jvm.dll

Top of Stack: (sp=0x000000177bdfc930)
0x000000177bdfc930:   000001397d9dc130 000000177bdfca70
0x000000177bdfc940:   0000000000001fdb 00000139769b50e0
0x000000177bdfc950:   000000000000001e 000000010000171c
0x000000177bdfc960:   0000001800000018 0000013976b7c100
0x000000177bdfc970:   000001397cabc170 000001397da33930
0x000000177bdfc980:   0000013976bef290 0000000000000000
0x000000177bdfc990:   000000177bdfcaa0 00007fff546620f7
0x000000177bdfc9a0:   000000177bdfce10 0000013976bef668
0x000000177bdfc9b0:   000000177bdfcef0 0000013976bef280
0x000000177bdfc9c0:   000000000000bc00 000000000000000e
0x000000177bdfc9d0:   0000000000000007 0000013976bef280
0x000000177bdfc9e0:   000001397cc73c90 000001397cc76fa0
0x000000177bdfc9f0:   000001397cc7bc78 000000000088d5c8
0x000000177bdfca00:   0000013976bef290 00007fffc6351966
0x000000177bdfca10:   0000000000000000 0000000000000000
0x000000177bdfca20:   00000139769b50e0 0000013900000000
0x000000177bdfca30:   000000000000adb8 00007fff54e29680
0x000000177bdfca40:   0000000000000000 000000177bdfe2d0
0x000000177bdfca50:   0000000000000000 00007fff54e29680
0x000000177bdfca60:   00000139769b5000 00007fff54543e7e
0x000000177bdfca70:   000000000000000c 000000177bdfe2d0
0x000000177bdfca80:   000001397d8f5050 00000139769b5000
0x000000177bdfca90:   000001397da56050 0000013900002112
0x000000177bdfcaa0:   000000177bdfc9d0 0000013976bef290
0x000000177bdfcab0:   00007fff54e29650 000000000000000d
0x000000177bdfcac0:   000000177bdfe2d0 000000177bdfce10
0x000000177bdfcad0:   0000013900002f1b 00000139769b50e0
0x000000177bdfcae0:   000000000000000a 000000177bdfe2d0
0x000000177bdfcaf0:   000001397e97fe80 0000000000000000
0x000000177bdfcb00:   000001397e9c84c0 000001397d1fea40
0x000000177bdfcb10:   000001397d202470 000000177bdfcd70
0x000000177bdfcb20:   000000177bdfcf10 0000001700002112 

Instructions: (pc=0x00007fff54833be5)
0x00007fff54833ae5:   10 4c 89 70 18 4c 89 78 20 4c 8d 3d 3b f3 86 00
0x00007fff54833af5:   66 66 66 0f 1f 84 00 00 00 00 00 8b f7 4c 8d 04
0x00007fff54833b05:   b6 49 c1 e0 05 4c 03 45 10 45 39 20 0f 84 f7 00
0x00007fff54833b15:   00 00 44 89 64 24 28 49 8b d4 48 89 54 24 20 44
0x00007fff54833b25:   8b f6 48 c7 44 24 2c 04 00 00 00 41 83 e6 3f 41
0x00007fff54833b35:   8b 40 04 89 44 24 34 4c 89 64 24 38 49 8b 40 08
0x00007fff54833b45:   48 89 44 24 40 4c 89 44 24 48 90 48 85 d2 74 1d
0x00007fff54833b55:   48 0f bc c2 8b c8 48 d3 ea 8b 4c 24 28 48 ff ca
0x00007fff54833b65:   03 c8 48 89 54 24 20 89 4c 24 28 eb 26 83 7c 24
0x00007fff54833b75:   2c 04 72 0e 8b 44 24 34 39 44 24 30 0f 83 87 00
0x00007fff54833b85:   00 00 48 8d 4c 24 20 e8 9f 6a 00 00 48 8b 54 24
0x00007fff54833b95:   20 8b c8 85 c9 74 72 8b c1 48 8d 1c 80 48 c1 e3
0x00007fff54833ba5:   05 48 03 5d 10 85 ff 74 a2 48 8b 43 08 48 8b ce
0x00007fff54833bb5:   48 c1 e9 08 4c 8b 0c c8 4d 3b cf 75 0d 8b d7 48
0x00007fff54833bc5:   8b cb e8 24 6c 00 00 4c 8b c8 49 8b ce 41 b8 01
0x00007fff54833bd5:   00 00 00 49 d3 e0 48 8b ce 48 c1 e9 06 83 e1 03
0x00007fff54833be5:   49 8b 14 c9 48 8b c2 49 0b c0 49 89 04 c9 49 85
0x00007fff54833bf5:   d0 74 0a 48 8b 54 24 20 e9 4e ff ff ff ff 03 48
0x00007fff54833c05:   8b 54 24 20 e9 42 ff ff ff ff c7 3b 7d 28 0f 82
0x00007fff54833c15:   e7 fe ff ff 4c 8b bc 24 88 00 00 00 4c 8b b4 24
0x00007fff54833c25:   80 00 00 00 48 8b 74 24 78 48 8b 5c 24 70 c6 45
0x00007fff54833c35:   18 01 48 83 c4 50 41 5c 5f 5d c3 c6 41 18 01 48
0x00007fff54833c45:   83 c4 50 41 5c 5f 5d c3 cc cc cc 4c 8b dc 49 89
0x00007fff54833c55:   6b 20 56 57 41 56 48 83 ec 50 48 8b e9 8b f2 41
0x00007fff54833c65:   8b c0 48 8d 3c b6 48 c1 e7 05 48 03 79 10 48 8d
0x00007fff54833c75:   0c 80 48 c1 e1 05 48 03 4d 10 83 39 00 0f 84 7a
0x00007fff54833c85:   01 00 00 33 d2 4d 89 63 10 49 89 53 b8 4c 8d 25
0x00007fff54833c95:   97 f1 86 00 89 54 24 28 44 8b c2 49 c7 43 c4 04
0x00007fff54833ca5:   00 00 00 8b 41 04 89 44 24 34 4d 89 7b 18 44 8b
0x00007fff54833cb5:   fe 49 89 53 d0 41 83 e7 3f 48 8b 41 08 49 89 43
0x00007fff54833cc5:   d8 49 89 4b e0 49 89 5b 08 66 90 48 85 d2 74 1b
0x00007fff54833cd5:   48 0f bc c2 8b c8 48 d3 ea 48 ff ca 44 03 c0 48 


Stack slot to memory mapping:

stack at sp + 0 slots: 0x000001397d9dc130 points into unknown readable memory: 0x0000002000000025 | 25 00 00 00 20 00 00 00
stack at sp + 1 slots: 0x000000177bdfca70 is pointing into the stack for thread: 0x00000139769db2a0
stack at sp + 2 slots: 0x0000000000001fdb is an unknown value
stack at sp + 3 slots: 0x00000139769b50e0 points into unknown readable memory: 0x0000000000000007 | 07 00 00 00 00 00 00 00
stack at sp + 4 slots: 0x000000000000001e is an unknown value
stack at sp + 5 slots: 0x000000010000171c is an unknown value
stack at sp + 6 slots: 0x0000001800000018 is an unknown value
stack at sp + 7 slots: 0x0000013976b7c100 points into unknown readable memory: 0x00000001fc000000 | 00 00 00 fc 01 00 00 00


---------------  P R O C E S S  ---------------

Threads class SMR info:
_java_thread_list=0x000001397e3bda70, length=14, elements={
0x000001395863a100, 0x00000139769be7c0, 0x00000139769bf5e0, 0x00000139769c69d0,
0x00000139769c98d0, 0x00000139769ca330, 0x00000139769ceed0, 0x00000139769db2a0,
0x00000139769dc3b0, 0x0000013976990260, 0x0000013976c99070, 0x0000013976c9b6f0,
0x000001397b5dda30, 0x000001397e6dc500
}

Java Threads: ( => current thread )
  0x000001395863a100 JavaThread "main"                              [_thread_in_vm, id=5892, stack(0x000000177ae00000,0x000000177af00000) (1024K)]
  0x00000139769be7c0 JavaThread "Reference Handler"          daemon [_thread_blocked, id=7028, stack(0x000000177b700000,0x000000177b800000) (1024K)]
  0x00000139769bf5e0 JavaThread "Finalizer"                  daemon [_thread_blocked, id=15244, stack(0x000000177b800000,0x000000177b900000) (1024K)]
  0x00000139769c69d0 JavaThread "Signal Dispatcher"          daemon [_thread_blocked, id=11576, stack(0x000000177b900000,0x000000177ba00000) (1024K)]
  0x00000139769c98d0 JavaThread "Attach Listener"            daemon [_thread_blocked, id=14780, stack(0x000000177ba00000,0x000000177bb00000) (1024K)]
  0x00000139769ca330 JavaThread "Service Thread"             daemon [_thread_blocked, id=12688, stack(0x000000177bb00000,0x000000177bc00000) (1024K)]
  0x00000139769ceed0 JavaThread "Monitor Deflation Thread"   daemon [_thread_blocked, id=9664, stack(0x000000177bc00000,0x000000177bd00000) (1024K)]
=>0x00000139769db2a0 JavaThread "C2 CompilerThread0"         daemon [_thread_in_native, id=3852, stack(0x000000177bd00000,0x000000177be00000) (1024K)]
  0x00000139769dc3b0 JavaThread "C1 CompilerThread0"         daemon [_thread_blocked, id=11888, stack(0x000000177be00000,0x000000177bf00000) (1024K)]
  0x0000013976990260 JavaThread "Common-Cleaner"             daemon [_thread_blocked, id=7708, stack(0x000000177bf00000,0x000000177c000000) (1024K)]
  0x0000013976c99070 JavaThread "Monitor Ctrl-Break"         daemon [_thread_in_native, id=5432, stack(0x000000177c000000,0x000000177c100000) (1024K)]
  0x0000013976c9b6f0 JavaThread "Notification Thread"        daemon [_thread_blocked, id=16412, stack(0x000000177c100000,0x000000177c200000) (1024K)]
  0x000001397b5dda30 JavaThread "C2 CompilerThread1"         daemon [_thread_in_native, id=5644, stack(0x000000177c200000,0x000000177c300000) (1024K)]
  0x000001397e6dc500 JavaThread "mysql-cj-abandoned-connection-cleanup" daemon [_thread_blocked, id=2068, stack(0x000000177c600000,0x000000177c700000) (1024K)]
Total: 14

Other Threads:
  0x00000139769a5430 VMThread "VM Thread"                           [id=15524, stack(0x000000177b500000,0x000000177b600000) (1024K)]
  0x000001397698e760 WatcherThread "VM Periodic Task Thread"        [id=17232, stack(0x000000177b400000,0x000000177b500000) (1024K)]
  0x000001395a942640 WorkerThread "GC Thread#0"                     [id=10708, stack(0x000000177af00000,0x000000177b000000) (1024K)]
  0x000001397b5b6150 WorkerThread "GC Thread#1"                     [id=17276, stack(0x000000177c300000,0x000000177c400000) (1024K)]
  0x000001397b3a5a10 WorkerThread "GC Thread#2"                     [id=16832, stack(0x000000177c400000,0x000000177c500000) (1024K)]
  0x000001397b453610 WorkerThread "GC Thread#3"                     [id=15388, stack(0x000000177c500000,0x000000177c600000) (1024K)]
  0x000001395a9544a0 ConcurrentGCThread "G1 Main Marker"            [id=1112, stack(0x000000177b000000,0x000000177b100000) (1024K)]
  0x000001395a955bb0 WorkerThread "G1 Conc#0"                       [id=4512, stack(0x000000177b100000,0x000000177b200000) (1024K)]
  0x000001395a97e550 ConcurrentGCThread "G1 Refine#0"               [id=268, stack(0x000000177b200000,0x000000177b300000) (1024K)]
  0x000001397684b1a0 ConcurrentGCThread "G1 Service"                [id=9532, stack(0x000000177b300000,0x000000177b400000) (1024K)]
Total: 10

Threads with active compile tasks:
C2 CompilerThread0     6673 3946       4       org.springframework.core.ResolvableType::as (86 bytes)
C2 CompilerThread1     6673 4056       4       org.springframework.boot.context.properties.source.ConfigurationPropertyName$ElementsParser::parse (234 bytes)
Total: 2

VM state: not at safepoint (normal execution)

VM Mutex/Monitor currently owned by a thread: None

Heap address: 0x0000000081a00000, size: 2022 MB, Compressed Oops mode: 32-bit

CDS archive(s) mapped at: [0x0000013900000000-0x0000013900c90000-0x0000013900c90000), size 13172736, SharedBaseAddress: 0x0000013900000000, ArchiveRelocationMode: 1.
Compressed class space mapped at: 0x0000013901000000-0x0000013941000000, reserved size: 1073741824
Narrow klass base: 0x0000013900000000, Narrow klass shift: 0, Narrow klass range: 0x100000000

GC Precious Log:
 CardTable entry size: 512
 Card Set container configuration: InlinePtr #cards 5 size 8 Array Of Cards #cards 12 size 40 Howl #buckets 4 coarsen threshold 1843 Howl Bitmap #cards 512 size 80 coarsen threshold 460 Card regions per heap region 1 cards per card region 2048
 CPUs: 4 total, 4 available
 Memory: 8083M
 Large Page Support: Disabled
 NUMA Support: Disabled
 Compressed Oops: Enabled (32-bit)
 Heap Region Size: 1M
 Heap Min Capacity: 8M
 Heap Initial Capacity: 128M
 Heap Max Capacity: 2022M
 Pre-touch: Disabled
 Parallel Workers: 4
 Concurrent Workers: 1
 Concurrent Refinement Workers: 4
 Periodic GC: Disabled

Heap:
 garbage-first heap   total 58368K, used 33662K [0x0000000081a00000, 0x0000000100000000)
  region size 1024K, 19 young (19456K), 3 survivors (3072K)
 Metaspace       used 32593K, committed 33088K, reserved 1114112K
  class space    used 4295K, committed 4544K, reserved 1048576K

Heap Regions: E=young(eden), S=young(survivor), O=old, HS=humongous(starts), HC=humongous(continues), CS=collection set, F=free, TAMS=top-at-mark-start, PB=parsable bottom
|   0|0x0000000081a00000, 0x0000000081b00000, 0x0000000081b00000|100%|HS|  |TAMS 0x0000000081a00000| PB 0x0000000081a00000| Complete 
|   1|0x0000000081b00000, 0x0000000081c00000, 0x0000000081c00000|100%| O|  |TAMS 0x0000000081b00000| PB 0x0000000081b00000| Untracked 
|   2|0x0000000081c00000, 0x0000000081d00000, 0x0000000081d00000|100%| O|  |TAMS 0x0000000081c00000| PB 0x0000000081c00000| Untracked 
|   3|0x0000000081d00000, 0x0000000081e00000, 0x0000000081e00000|100%| O|  |TAMS 0x0000000081d00000| PB 0x0000000081d00000| Untracked 
|   4|0x0000000081e00000, 0x0000000081f00000, 0x0000000081f00000|100%| O|  |TAMS 0x0000000081e00000| PB 0x0000000081e00000| Untracked 
|   5|0x0000000081f00000, 0x0000000082000000, 0x0000000082000000|100%| O|  |TAMS 0x0000000081f00000| PB 0x0000000081f00000| Untracked 
|   6|0x0000000082000000, 0x0000000082000000, 0x0000000082100000|  0%| F|  |TAMS 0x0000000082000000| PB 0x0000000082000000| Untracked 
|   7|0x0000000082100000, 0x0000000082200000, 0x0000000082200000|100%| O|  |TAMS 0x0000000082100000| PB 0x0000000082100000| Untracked 
|   8|0x0000000082200000, 0x0000000082300000, 0x0000000082300000|100%| O|  |TAMS 0x0000000082200000| PB 0x0000000082200000| Untracked 
|   9|0x0000000082300000, 0x0000000082400000, 0x0000000082400000|100%| O|  |TAMS 0x0000000082300000| PB 0x0000000082300000| Untracked 
|  10|0x0000000082400000, 0x0000000082500000, 0x0000000082500000|100%| O|  |TAMS 0x0000000082400000| PB 0x0000000082400000| Untracked 
|  11|0x0000000082500000, 0x0000000082600000, 0x0000000082600000|100%| O|  |TAMS 0x0000000082500000| PB 0x0000000082500000| Untracked 
|  12|0x0000000082600000, 0x0000000082700000, 0x0000000082700000|100%| O|  |TAMS 0x0000000082600000| PB 0x0000000082600000| Untracked 
|  13|0x0000000082700000, 0x0000000082800000, 0x0000000082800000|100%| O|  |TAMS 0x0000000082700000| PB 0x0000000082700000| Untracked 
|  14|0x0000000082800000, 0x0000000082900000, 0x0000000082900000|100%| O|  |TAMS 0x0000000082800000| PB 0x0000000082800000| Untracked 
|  15|0x0000000082900000, 0x0000000082a00000, 0x0000000082a00000|100%| O|  |TAMS 0x0000000082900000| PB 0x0000000082900000| Untracked 
|  16|0x0000000082a00000, 0x0000000082a906a8, 0x0000000082b00000| 56%| O|  |TAMS 0x0000000082a00000| PB 0x0000000082a00000| Untracked 
|  17|0x0000000082b00000, 0x0000000082b00000, 0x0000000082c00000|  0%| F|  |TAMS 0x0000000082b00000| PB 0x0000000082b00000| Untracked 
|  18|0x0000000082c00000, 0x0000000082c00000, 0x0000000082d00000|  0%| F|  |TAMS 0x0000000082c00000| PB 0x0000000082c00000| Untracked 
|  19|0x0000000082d00000, 0x0000000082d00000, 0x0000000082e00000|  0%| F|  |TAMS 0x0000000082d00000| PB 0x0000000082d00000| Untracked 
|  20|0x0000000082e00000, 0x0000000082e00000, 0x0000000082f00000|  0%| F|  |TAMS 0x0000000082e00000| PB 0x0000000082e00000| Untracked 
|  21|0x0000000082f00000, 0x0000000082f00000, 0x0000000083000000|  0%| F|  |TAMS 0x0000000082f00000| PB 0x0000000082f00000| Untracked 
|  22|0x0000000083000000, 0x0000000083000000, 0x0000000083100000|  0%| F|  |TAMS 0x0000000083000000| PB 0x0000000083000000| Untracked 
|  23|0x0000000083100000, 0x0000000083100000, 0x0000000083200000|  0%| F|  |TAMS 0x0000000083100000| PB 0x0000000083100000| Untracked 
|  24|0x0000000083200000, 0x0000000083200000, 0x0000000083300000|  0%| F|  |TAMS 0x0000000083200000| PB 0x0000000083200000| Untracked 
|  25|0x0000000083300000, 0x0000000083300000, 0x0000000083400000|  0%| F|  |TAMS 0x0000000083300000| PB 0x0000000083300000| Untracked 
|  26|0x0000000083400000, 0x000000008344f380, 0x0000000083500000| 30%| S|CS|TAMS 0x0000000083400000| PB 0x0000000083400000| Complete 
|  27|0x0000000083500000, 0x0000000083600000, 0x0000000083600000|100%| S|CS|TAMS 0x0000000083500000| PB 0x0000000083500000| Complete 
|  28|0x0000000083600000, 0x0000000083700000, 0x0000000083700000|100%| S|CS|TAMS 0x0000000083600000| PB 0x0000000083600000| Complete 
|  29|0x0000000083700000, 0x0000000083700000, 0x0000000083800000|  0%| F|  |TAMS 0x0000000083700000| PB 0x0000000083700000| Untracked 
|  30|0x0000000083800000, 0x0000000083800000, 0x0000000083900000|  0%| F|  |TAMS 0x0000000083800000| PB 0x0000000083800000| Untracked 
|  31|0x0000000083900000, 0x0000000083900000, 0x0000000083a00000|  0%| F|  |TAMS 0x0000000083900000| PB 0x0000000083900000| Untracked 
|  32|0x0000000083a00000, 0x0000000083a00000, 0x0000000083b00000|  0%| F|  |TAMS 0x0000000083a00000| PB 0x0000000083a00000| Untracked 
|  33|0x0000000083b00000, 0x0000000083b00000, 0x0000000083c00000|  0%| F|  |TAMS 0x0000000083b00000| PB 0x0000000083b00000| Untracked 
|  34|0x0000000083c00000, 0x0000000083c00000, 0x0000000083d00000|  0%| F|  |TAMS 0x0000000083c00000| PB 0x0000000083c00000| Untracked 
|  35|0x0000000083d00000, 0x0000000083d00000, 0x0000000083e00000|  0%| F|  |TAMS 0x0000000083d00000| PB 0x0000000083d00000| Untracked 
|  36|0x0000000083e00000, 0x0000000083e00000, 0x0000000083f00000|  0%| F|  |TAMS 0x0000000083e00000| PB 0x0000000083e00000| Untracked 
|  37|0x0000000083f00000, 0x0000000083f00000, 0x0000000084000000|  0%| F|  |TAMS 0x0000000083f00000| PB 0x0000000083f00000| Untracked 
|  38|0x0000000084000000, 0x0000000084000000, 0x0000000084100000|  0%| F|  |TAMS 0x0000000084000000| PB 0x0000000084000000| Untracked 
|  39|0x0000000084100000, 0x0000000084100000, 0x0000000084200000|  0%| F|  |TAMS 0x0000000084100000| PB 0x0000000084100000| Untracked 
|  40|0x0000000084200000, 0x0000000084200000, 0x0000000084300000|  0%| F|  |TAMS 0x0000000084200000| PB 0x0000000084200000| Untracked 
|  41|0x0000000084300000, 0x00000000843fb1b0, 0x0000000084400000| 98%| E|  |TAMS 0x0000000084300000| PB 0x0000000084300000| Complete 
|  42|0x0000000084400000, 0x0000000084500000, 0x0000000084500000|100%| E|CS|TAMS 0x0000000084400000| PB 0x0000000084400000| Complete 
|  43|0x0000000084500000, 0x0000000084600000, 0x0000000084600000|100%| E|CS|TAMS 0x0000000084500000| PB 0x0000000084500000| Complete 
|  44|0x0000000084600000, 0x0000000084700000, 0x0000000084700000|100%| E|CS|TAMS 0x0000000084600000| PB 0x0000000084600000| Complete 
|  45|0x0000000084700000, 0x0000000084800000, 0x0000000084800000|100%| E|CS|TAMS 0x0000000084700000| PB 0x0000000084700000| Complete 
|  46|0x0000000084800000, 0x0000000084900000, 0x0000000084900000|100%| E|CS|TAMS 0x0000000084800000| PB 0x0000000084800000| Complete 
|  81|0x0000000086b00000, 0x0000000086c00000, 0x0000000086c00000|100%| E|CS|TAMS 0x0000000086b00000| PB 0x0000000086b00000| Complete 
|  82|0x0000000086c00000, 0x0000000086d00000, 0x0000000086d00000|100%| E|CS|TAMS 0x0000000086c00000| PB 0x0000000086c00000| Complete 
|  83|0x0000000086d00000, 0x0000000086e00000, 0x0000000086e00000|100%| E|CS|TAMS 0x0000000086d00000| PB 0x0000000086d00000| Complete 
|  84|0x0000000086e00000, 0x0000000086f00000, 0x0000000086f00000|100%| E|CS|TAMS 0x0000000086e00000| PB 0x0000000086e00000| Complete 
|  85|0x0000000086f00000, 0x0000000087000000, 0x0000000087000000|100%| E|CS|TAMS 0x0000000086f00000| PB 0x0000000086f00000| Complete 
|  86|0x0000000087000000, 0x0000000087100000, 0x0000000087100000|100%| E|CS|TAMS 0x0000000087000000| PB 0x0000000087000000| Complete 
|  87|0x0000000087100000, 0x0000000087200000, 0x0000000087200000|100%| E|CS|TAMS 0x0000000087100000| PB 0x0000000087100000| Complete 
|  88|0x0000000087200000, 0x0000000087300000, 0x0000000087300000|100%| E|CS|TAMS 0x0000000087200000| PB 0x0000000087200000| Complete 
| 126|0x0000000089800000, 0x0000000089900000, 0x0000000089900000|100%| E|CS|TAMS 0x0000000089800000| PB 0x0000000089800000| Complete 
| 127|0x0000000089900000, 0x0000000089a00000, 0x0000000089a00000|100%| E|CS|TAMS 0x0000000089900000| PB 0x0000000089900000| Complete 

Card table byte_map: [0x0000013972110000,0x0000013972510000] _byte_map_base: 0x0000013971d03000

Marking Bits: (CMBitMap*) 0x000001395a942d40
 Bits: [0x0000013972510000, 0x00000139744a8000)

Polling page: 0x00000139587b0000

Metaspace:

Usage:
  Non-class:     27.63 MB used.
      Class:      4.19 MB used.
       Both:     31.83 MB used.

Virtual space:
  Non-class space:       64.00 MB reserved,      27.88 MB ( 44%) committed,  1 nodes.
      Class space:        1.00 GB reserved,       4.44 MB ( <1%) committed,  1 nodes.
             Both:        1.06 GB reserved,      32.31 MB (  3%) committed. 

Chunk freelists:
   Non-Class:  4.02 MB
       Class:  11.47 MB
        Both:  15.48 MB

MaxMetaspaceSize: unlimited
CompressedClassSpaceSize: 1.00 GB
Initial GC threshold: 21.00 MB
Current GC threshold: 35.25 MB
CDS: on
 - commit_granule_bytes: 65536.
 - commit_granule_words: 8192.
 - virtual_space_node_default_size: 8388608.
 - enlarge_chunks_in_place: 1.
 - use_allocation_guard: 0.


Internal statistics:

num_allocs_failed_limit: 3.
num_arena_births: 604.
num_arena_deaths: 0.
num_vsnodes_births: 2.
num_vsnodes_deaths: 0.
num_space_committed: 517.
num_space_uncommitted: 0.
num_chunks_returned_to_freelist: 3.
num_chunks_taken_from_freelist: 1821.
num_chunk_merges: 3.
num_chunk_splits: 1222.
num_chunks_enlarged: 874.
num_inconsistent_stats: 0.

CodeHeap 'non-profiled nmethods': size=120000Kb used=2007Kb max_used=2007Kb free=117992Kb
 bounds [0x000001396a7e0000, 0x000001396aa50000, 0x0000013971d10000]
CodeHeap 'profiled nmethods': size=120000Kb used=9146Kb max_used=9146Kb free=110853Kb
 bounds [0x0000013962d10000, 0x0000013963600000, 0x000001396a240000]
CodeHeap 'non-nmethods': size=5760Kb used=1466Kb max_used=1538Kb free=4293Kb
 bounds [0x000001396a240000, 0x000001396a4b0000, 0x000001396a7e0000]
 total_blobs=4727 nmethods=4175 adapters=455
 compilation: enabled
              stopped_count=0, restarted_count=0
 full_count=0

Compilation events (20 events):
Event: 6.411 Thread 0x00000139769dc3b0 4163       3       jdk.internal.org.objectweb.asm.AnnotationWriter::computeAnnotationsSize (42 bytes)
Event: 6.411 Thread 0x00000139769dc3b0 nmethod 4163 0x00000139635ed210 code [0x00000139635ed3c0, 0x00000139635ed618]
Event: 6.412 Thread 0x00000139769dc3b0 4164       3       java.util.concurrent.ConcurrentHashMap::get (162 bytes)
Event: 6.413 Thread 0x00000139769dc3b0 nmethod 4164 0x00000139635ed790 code [0x00000139635eda00, 0x00000139635ee508]
Event: 6.418 Thread 0x00000139769dc3b0 4165       3       org.springframework.beans.factory.InjectionPoint::obtainMethodParameter (22 bytes)
Event: 6.418 Thread 0x00000139769dc3b0 nmethod 4165 0x00000139635ee810 code [0x00000139635ee9e0, 0x00000139635eecb0]
Event: 6.421 Thread 0x00000139769dc3b0 4166       3       org.springframework.core.ResolvableType::forRawClass (10 bytes)
Event: 6.421 Thread 0x00000139769dc3b0 nmethod 4166 0x00000139635eee10 code [0x00000139635eefc0, 0x00000139635ef218]
Event: 6.421 Thread 0x00000139769dc3b0 4167       3       org.springframework.core.ResolvableType$1::<init> (11 bytes)
Event: 6.422 Thread 0x00000139769dc3b0 nmethod 4167 0x00000139635ef310 code [0x00000139635ef4c0, 0x00000139635ef650]
Event: 6.422 Thread 0x00000139769dc3b0 4168   !   3       org.springframework.beans.factory.support.AbstractAutowireCapableBeanFactory::getSingletonFactoryBeanForTypeCheck (259 bytes)
Event: 6.424 Thread 0x00000139769dc3b0 nmethod 4168 0x00000139635ef710 code [0x00000139635efb00, 0x00000139635f1c60]
Event: 6.424 Thread 0x00000139769dc3b0 4169       3       java.lang.invoke.LambdaFormBuffer::insertExpression (30 bytes)
Event: 6.424 Thread 0x00000139769dc3b0 nmethod 4169 0x00000139635f2a10 code [0x00000139635f2bc0, 0x00000139635f2d20]
Event: 6.443 Thread 0x00000139769dc3b0 4170   !   3       java.nio.file.FileTreeWalker::wouldLoop (79 bytes)
Event: 6.444 Thread 0x00000139769dc3b0 nmethod 4170 0x00000139635f2e10 code [0x00000139635f3060, 0x00000139635f3a20]
Event: 6.444 Thread 0x00000139769dc3b0 4171       3       sun.nio.fs.WindowsFileSystemProvider::newDirectoryStream (31 bytes)
Event: 6.444 Thread 0x00000139769dc3b0 nmethod 4171 0x00000139635f3e10 code [0x00000139635f4040, 0x00000139635f48d8]
Event: 6.445 Thread 0x00000139769dc3b0 4172       2       org.springframework.util.StringUtils::delimitedListToStringArray (164 bytes)
Event: 6.447 Thread 0x00000139769dc3b0 nmethod 4172 0x00000139635f4b90 code [0x00000139635f4e40, 0x00000139635f5a48]

GC Heap History (12 events):
Event: 0.799 GC heap before
{Heap before GC invocations=0 (full 0):
 garbage-first heap   total 131072K, used 13312K [0x0000000081a00000, 0x0000000100000000)
  region size 1024K, 13 young (13312K), 0 survivors (0K)
 Metaspace       used 2698K, committed 2880K, reserved 1114112K
  class space    used 276K, committed 384K, reserved 1048576K
}
Event: 0.807 GC heap after
{Heap after GC invocations=1 (full 0):
 garbage-first heap   total 131072K, used 6570K [0x0000000081a00000, 0x0000000100000000)
  region size 1024K, 2 young (2048K), 2 survivors (2048K)
 Metaspace       used 2698K, committed 2880K, reserved 1114112K
  class space    used 276K, committed 384K, reserved 1048576K
}
Event: 1.436 GC heap before
{Heap before GC invocations=1 (full 0):
 garbage-first heap   total 131072K, used 18858K [0x0000000081a00000, 0x0000000100000000)
  region size 1024K, 14 young (14336K), 2 survivors (2048K)
 Metaspace       used 6279K, committed 6528K, reserved 1114112K
  class space    used 749K, committed 896K, reserved 1048576K
}
Event: 1.443 GC heap after
{Heap after GC invocations=2 (full 0):
 garbage-first heap   total 131072K, used 8234K [0x0000000081a00000, 0x0000000100000000)
  region size 1024K, 2 young (2048K), 2 survivors (2048K)
 Metaspace       used 6279K, committed 6528K, reserved 1114112K
  class space    used 749K, committed 896K, reserved 1048576K
}
Event: 3.045 GC heap before
{Heap before GC invocations=2 (full 0):
 garbage-first heap   total 131072K, used 38954K [0x0000000081a00000, 0x0000000100000000)
  region size 1024K, 33 young (33792K), 2 survivors (2048K)
 Metaspace       used 14329K, committed 14656K, reserved 1114112K
  class space    used 1853K, committed 1984K, reserved 1048576K
}
Event: 3.051 GC heap after
{Heap after GC invocations=3 (full 0):
 garbage-first heap   total 131072K, used 10800K [0x0000000081a00000, 0x0000000100000000)
  region size 1024K, 5 young (5120K), 5 survivors (5120K)
 Metaspace       used 14329K, committed 14656K, reserved 1114112K
  class space    used 1853K, committed 1984K, reserved 1048576K
}
Event: 3.847 GC heap before
{Heap before GC invocations=3 (full 0):
 garbage-first heap   total 131072K, used 43568K [0x0000000081a00000, 0x0000000100000000)
  region size 1024K, 39 young (39936K), 5 survivors (5120K)
 Metaspace       used 21243K, committed 21504K, reserved 1114112K
  class space    used 2743K, committed 2880K, reserved 1048576K
}
Event: 3.858 GC heap after
{Heap after GC invocations=4 (full 0):
 garbage-first heap   total 131072K, used 14045K [0x0000000081a00000, 0x0000000100000000)
  region size 1024K, 8 young (8192K), 8 survivors (8192K)
 Metaspace       used 21243K, committed 21504K, reserved 1114112K
  class space    used 2743K, committed 2880K, reserved 1048576K
}
Event: 4.645 GC heap before
{Heap before GC invocations=5 (full 0):
 garbage-first heap   total 58368K, used 39645K [0x0000000081a00000, 0x0000000100000000)
  region size 1024K, 34 young (34816K), 8 survivors (8192K)
 Metaspace       used 25610K, committed 25984K, reserved 1114112K
  class space    used 3327K, committed 3456K, reserved 1048576K
}
Event: 4.660 GC heap after
{Heap after GC invocations=6 (full 0):
 garbage-first heap   total 58368K, used 15838K [0x0000000081a00000, 0x0000000100000000)
  region size 1024K, 3 young (3072K), 3 survivors (3072K)
 Metaspace       used 25610K, committed 25984K, reserved 1114112K
  class space    used 3327K, committed 3456K, reserved 1048576K
}
Event: 5.965 GC heap before
{Heap before GC invocations=6 (full 0):
 garbage-first heap   total 58368K, used 44510K [0x0000000081a00000, 0x0000000100000000)
  region size 1024K, 31 young (31744K), 3 survivors (3072K)
 Metaspace       used 29719K, committed 30144K, reserved 1114112K
  class space    used 3882K, committed 4096K, reserved 1048576K
}
Event: 5.980 GC heap after
{Heap after GC invocations=7 (full 0):
 garbage-first heap   total 58368K, used 18302K [0x0000000081a00000, 0x0000000100000000)
  region size 1024K, 3 young (3072K), 3 survivors (3072K)
 Metaspace       used 29719K, committed 30144K, reserved 1114112K
  class space    used 3882K, committed 4096K, reserved 1048576K
}

Dll operation events (12 events):
Event: 0.020 Loaded shared library C:\Program Files\Java\jdk-21\bin\java.dll
Event: 0.073 Loaded shared library C:\Program Files\Java\jdk-21\bin\jsvml.dll
Event: 0.252 Loaded shared library C:\Program Files\Java\jdk-21\bin\zip.dll
Event: 0.258 Loaded shared library C:\Program Files\Java\jdk-21\bin\instrument.dll
Event: 0.264 Loaded shared library C:\Program Files\Java\jdk-21\bin\net.dll
Event: 0.268 Loaded shared library C:\Program Files\Java\jdk-21\bin\nio.dll
Event: 0.274 Loaded shared library C:\Program Files\Java\jdk-21\bin\zip.dll
Event: 0.298 Loaded shared library C:\Users\DELL\Desktop\IntelliJ IDEA 2024.2\bin\breakgen64.dll
Event: 0.313 Loaded shared library C:\Program Files\Java\jdk-21\bin\extnet.dll
Event: 0.547 Loaded shared library C:\Program Files\Java\jdk-21\bin\jimage.dll
Event: 1.282 Loaded shared library C:\Program Files\Java\jdk-21\bin\verify.dll
Event: 4.510 Loaded shared library C:\Program Files\Java\jdk-21\bin\sunmscapi.dll

Deoptimization events (20 events):
Event: 6.350 Thread 0x000001395863a100 Uncommon trap: trap_request=0xffffffd6 fr.pc=0x000001396a9d05b4 relative=0x0000000000002af4
Event: 6.350 Thread 0x000001395863a100 Uncommon trap: reason=array_check action=maybe_recompile pc=0x000001396a9d05b4 method=org.springframework.util.ConcurrentReferenceHashMap$Segment.lambda$doTask$0(Ljava/lang/Object;ILorg/springframework/util/ConcurrentReferenceHashMap$Reference;ILjava/lang
Event: 6.350 Thread 0x000001395863a100 DEOPT PACKING pc=0x000001396a9d05b4 sp=0x000000177aef9b80
Event: 6.350 Thread 0x000001395863a100 DEOPT UNPACKING pc=0x000001396a2946a2 sp=0x000000177aef97f8 mode 2
Event: 6.365 Thread 0x000001395863a100 Uncommon trap: trap_request=0xffffffd6 fr.pc=0x000001396a9d05b4 relative=0x0000000000002af4
Event: 6.365 Thread 0x000001395863a100 Uncommon trap: reason=array_check action=maybe_recompile pc=0x000001396a9d05b4 method=org.springframework.util.ConcurrentReferenceHashMap$Segment.lambda$doTask$0(Ljava/lang/Object;ILorg/springframework/util/ConcurrentReferenceHashMap$Reference;ILjava/lang
Event: 6.365 Thread 0x000001395863a100 DEOPT PACKING pc=0x000001396a9d05b4 sp=0x000000177aefa9d0
Event: 6.365 Thread 0x000001395863a100 DEOPT UNPACKING pc=0x000001396a2946a2 sp=0x000000177aefa648 mode 2
Event: 6.365 Thread 0x000001395863a100 Uncommon trap: trap_request=0xffffffd6 fr.pc=0x000001396a9d05b4 relative=0x0000000000002af4
Event: 6.365 Thread 0x000001395863a100 Uncommon trap: reason=array_check action=maybe_recompile pc=0x000001396a9d05b4 method=org.springframework.util.ConcurrentReferenceHashMap$Segment.lambda$doTask$0(Ljava/lang/Object;ILorg/springframework/util/ConcurrentReferenceHashMap$Reference;ILjava/lang
Event: 6.365 Thread 0x000001395863a100 DEOPT PACKING pc=0x000001396a9d05b4 sp=0x000000177aefa850
Event: 6.365 Thread 0x000001395863a100 DEOPT UNPACKING pc=0x000001396a2946a2 sp=0x000000177aefa4b0 mode 2
Event: 6.369 Thread 0x000001395863a100 Uncommon trap: trap_request=0xffffffd6 fr.pc=0x000001396a9d05b4 relative=0x0000000000002af4
Event: 6.369 Thread 0x000001395863a100 Uncommon trap: reason=array_check action=maybe_recompile pc=0x000001396a9d05b4 method=org.springframework.util.ConcurrentReferenceHashMap$Segment.lambda$doTask$0(Ljava/lang/Object;ILorg/springframework/util/ConcurrentReferenceHashMap$Reference;ILjava/lang
Event: 6.369 Thread 0x000001395863a100 DEOPT PACKING pc=0x000001396a9d05b4 sp=0x000000177aefa470
Event: 6.369 Thread 0x000001395863a100 DEOPT UNPACKING pc=0x000001396a2946a2 sp=0x000000177aefa0d0 mode 2
Event: 6.404 Thread 0x000001395863a100 Uncommon trap: trap_request=0xffffff45 fr.pc=0x000001396a8ff05c relative=0x000000000000019c
Event: 6.404 Thread 0x000001395863a100 Uncommon trap: reason=unstable_if action=reinterpret pc=0x000001396a8ff05c method=java.util.concurrent.ConcurrentHashMap.get(Ljava/lang/Object;)Ljava/lang/Object; @ 152 c2
Event: 6.404 Thread 0x000001395863a100 DEOPT PACKING pc=0x000001396a8ff05c sp=0x000000177aefa200
Event: 6.404 Thread 0x000001395863a100 DEOPT UNPACKING pc=0x000001396a2946a2 sp=0x000000177aefa178 mode 2

Classes loaded (20 events):
Event: 6.173 Loading class java/text/MessageFormat
Event: 6.173 Loading class java/text/MessageFormat done
Event: 6.209 Loading class java/beans/Introspector
Event: 6.209 Loading class java/beans/Introspector done
Event: 6.209 Loading class java/beans/EventSetDescriptor
Event: 6.210 Loading class java/beans/EventSetDescriptor done
Event: 6.210 Loading class java/beans/Introspector$1
Event: 6.210 Loading class jdk/internal/access/JavaBeansAccess
Event: 6.210 Loading class jdk/internal/access/JavaBeansAccess done
Event: 6.210 Loading class java/beans/Introspector$1 done
Event: 6.256 Loading class java/util/concurrent/Executors$AutoShutdownDelegatedExecutorService
Event: 6.256 Loading class java/util/concurrent/Executors$DelegatedExecutorService
Event: 6.256 Loading class java/util/concurrent/Executors$DelegatedExecutorService done
Event: 6.256 Loading class java/util/concurrent/Executors$AutoShutdownDelegatedExecutorService done
Event: 6.257 Loading class java/util/concurrent/ThreadPoolExecutor$Worker
Event: 6.257 Loading class java/util/concurrent/ThreadPoolExecutor$Worker done
Event: 6.263 Loading class java/io/PrintWriter
Event: 6.263 Loading class java/io/PrintWriter done
Event: 6.402 Loading class javax/naming/Referenceable
Event: 6.402 Loading class javax/naming/Referenceable done

Classes unloaded (0 events):
No events

Classes redefined (0 events):
No events

Internal exceptions (20 events):
Event: 5.692 Thread 0x000001395863a100 Exception <a 'java/lang/NoSuchMethodError'{0x0000000083d7c5c0}: 'int java.lang.invoke.Invokers$Holder.linkToTargetMethod(java.lang.Object, java.lang.Object)'> (0x0000000083d7c5c0) 
thrown [s\open\src\hotspot\share\interpreter\linkResolver.cpp, line 773]
Event: 5.717 Thread 0x000001395863a100 Exception <a 'java/lang/NoSuchMethodError'{0x0000000083c1f9f0}: 'java.lang.Object java.lang.invoke.Invokers$Holder.invoke_MT(java.lang.Object, java.lang.Object, java.lang.Object, java.lang.Object, java.lang.Object, java.lang.Object, java.lang.Object, java.lang.Object, java.lang.Object, java.lang.Object)'> (0x0000000083c1f9f0) 
thrown [s\open\src\hotspot\share\interpreter\linkResolver.cpp, line 773]
Event: 5.729 Thread 0x000001395863a100 Exception <a 'java/lang/NoSuchMethodError'{0x0000000083c5af68}: 'java.lang.Object java.lang.invoke.DirectMethodHandle$Holder.invokeSpecial(java.lang.Object, java.lang.Object, int, java.lang.Object, java.lang.Object)'> (0x0000000083c5af68) 
thrown [s\open\src\hotspot\share\interpreter\linkResolver.cpp, line 773]
Event: 5.729 Thread 0x000001395863a100 Exception <a 'java/lang/NoSuchMethodError'{0x0000000083c5eef8}: 'java.lang.Object java.lang.invoke.DelegatingMethodHandle$Holder.delegate(java.lang.Object, int, java.lang.Object, java.lang.Object)'> (0x0000000083c5eef8) 
thrown [s\open\src\hotspot\share\interpreter\linkResolver.cpp, line 773]
Event: 5.732 Thread 0x000001395863a100 Exception <a 'java/lang/NoSuchMethodError'{0x0000000083c6ea30}: 'int java.lang.invoke.Invokers$Holder.linkToTargetMethod(java.lang.Object, java.lang.Object, java.lang.Object)'> (0x0000000083c6ea30) 
thrown [s\open\src\hotspot\share\interpreter\linkResolver.cpp, line 773]
Event: 5.772 Thread 0x000001395863a100 Exception <a 'java/lang/NoSuchMethodError'{0x0000000083b16990}: 'void java.lang.invoke.Invokers$Holder.invokeExact_MT(java.lang.Object, java.lang.Object, java.lang.Object)'> (0x0000000083b16990) 
thrown [s\open\src\hotspot\share\interpreter\linkResolver.cpp, line 773]
Event: 5.838 Thread 0x000001395863a100 Exception <a 'java/lang/NoClassDefFoundError'{0x0000000083ac3eb8}: org/flywaydb/core/Flyway> (0x0000000083ac3eb8) 
thrown [s\open\src\hotspot\share\classfile\systemDictionary.cpp, line 301]
Event: 5.838 Thread 0x000001395863a100 Exception <a 'java/lang/NoClassDefFoundError'{0x0000000083ac5fa8}: liquibase/integration/spring/SpringLiquibase> (0x0000000083ac5fa8) 
thrown [s\open\src\hotspot\share\classfile\systemDictionary.cpp, line 301]
Event: 5.890 Thread 0x000001395863a100 Exception <a 'java/lang/NoClassDefFoundError'{0x00000000838a5310}: org/jooq/DSLContext> (0x00000000838a5310) 
thrown [s\open\src\hotspot\share\classfile\systemDictionary.cpp, line 301]
Event: 5.892 Thread 0x000001395863a100 Exception <a 'java/lang/NoClassDefFoundError'{0x00000000838b38c0}: org/springframework/batch/core/repository/JobRepository> (0x00000000838b38c0) 
thrown [s\open\src\hotspot\share\classfile\systemDictionary.cpp, line 301]
Event: 5.893 Thread 0x000001395863a100 Exception <a 'java/lang/NoClassDefFoundError'{0x00000000838b5648}: org/quartz/Scheduler> (0x00000000838b5648) 
thrown [s\open\src\hotspot\share\classfile\systemDictionary.cpp, line 301]
Event: 5.893 Thread 0x000001395863a100 Exception <a 'java/lang/NoClassDefFoundError'{0x00000000838b7968}: org/springframework/session/jdbc/JdbcIndexedSessionRepository> (0x00000000838b7968) 
thrown [s\open\src\hotspot\share\classfile\systemDictionary.cpp, line 301]
Event: 6.054 Thread 0x000001395863a100 Exception <a 'java/lang/NoSuchMethodError'{0x00000000898d9a40}: 'void java.lang.invoke.DirectMethodHandle$Holder.invokeVirtual(java.lang.Object, java.lang.Object, int)'> (0x00000000898d9a40) 
thrown [s\open\src\hotspot\share\interpreter\linkResolver.cpp, line 773]
Event: 6.055 Thread 0x000001395863a100 Exception <a 'java/lang/NoSuchMethodError'{0x00000000898dded8}: 'int java.lang.invoke.DirectMethodHandle$Holder.invokeSpecial(java.lang.Object, java.lang.Object, java.lang.Object, int)'> (0x00000000898dded8) 
thrown [s\open\src\hotspot\share\interpreter\linkResolver.cpp, line 773]
Event: 6.057 Thread 0x000001395863a100 Exception <a 'java/lang/NoSuchMethodError'{0x00000000898f00b8}: 'java.lang.Object java.lang.invoke.DirectMethodHandle$Holder.invokeStatic(java.lang.Object, java.lang.Object, java.lang.Object, java.lang.Object, int)'> (0x00000000898f00b8) 
thrown [s\open\src\hotspot\share\interpreter\linkResolver.cpp, line 773]
Event: 6.058 Thread 0x000001395863a100 Exception <a 'java/lang/NoSuchMethodError'{0x00000000898fa830}: 'void java.lang.invoke.DelegatingMethodHandle$Holder.reinvoke_L(java.lang.Object, java.lang.Object, int)'> (0x00000000898fa830) 
thrown [s\open\src\hotspot\share\interpreter\linkResolver.cpp, line 773]
Event: 6.203 Thread 0x000001395863a100 Implicit null exception at 0x000001396a986f30 to 0x000001396a98782c
Event: 6.203 Thread 0x000001395863a100 Exception <a 'java/lang/NoSuchMethodError'{0x00000000870d8878}: 'java.lang.reflect.Field[] java.lang.Class.getDeclaredFields(java.lang.Class)'> (0x00000000870d8878) 
thrown [s\open\src\hotspot\share\interpreter\linkResolver.cpp, line 773]
Event: 6.359 Thread 0x000001395863a100 Exception <a 'java/lang/NoSuchMethodError'{0x0000000086b30338}: 'java.lang.Object java.lang.invoke.DirectMethodHandle$Holder.newInvokeSpecial(java.lang.Object, java.lang.Object, java.lang.Object, java.lang.Object, java.lang.Object, java.lang.Object, java.lang.Object, java.lang.Object, java.lang.Object, java.lang.Object, java.lang.Object)'> (0x0000000086b30338) 
thrown [s\open\src\hotspot\share\interpreter\linkResolver.cpp, line 773]
Event: 6.406 Thread 0x000001395863a100 Exception <a 'java/lang/NoSuchMethodError'{0x0000000084825be8}: 'java.lang.Object java.lang.invoke.DirectMethodHandle$Holder.invokeVirtual(java.lang.Object, java.lang.Object, java.lang.Object, java.lang.Object, java.lang.Object)'> (0x0000000084825be8) 
thrown [s\open\src\hotspot\share\interpreter\linkResolver.cpp, line 773]

ZGC Phase Switch (0 events):
No events

VM Operations (20 events):
Event: 5.089 Executing VM operation: HandshakeAllThreads (Deoptimize)
Event: 5.089 Executing VM operation: HandshakeAllThreads (Deoptimize) done
Event: 5.091 Executing VM operation: HandshakeAllThreads (Deoptimize)
Event: 5.092 Executing VM operation: HandshakeAllThreads (Deoptimize) done
Event: 5.326 Executing VM operation: ICBufferFull
Event: 5.326 Executing VM operation: ICBufferFull done
Event: 5.391 Executing VM operation: HandshakeAllThreads (Deoptimize)
Event: 5.391 Executing VM operation: HandshakeAllThreads (Deoptimize) done
Event: 5.697 Executing VM operation: HandshakeAllThreads (Deoptimize)
Event: 5.697 Executing VM operation: HandshakeAllThreads (Deoptimize) done
Event: 5.703 Executing VM operation: HandshakeAllThreads (Deoptimize)
Event: 5.703 Executing VM operation: HandshakeAllThreads (Deoptimize) done
Event: 5.851 Executing VM operation: ICBufferFull
Event: 5.851 Executing VM operation: ICBufferFull done
Event: 5.965 Executing VM operation: G1CollectForAllocation (G1 Evacuation Pause)
Event: 5.980 Executing VM operation: G1CollectForAllocation (G1 Evacuation Pause) done
Event: 5.992 Executing VM operation: HandshakeAllThreads (Deoptimize)
Event: 5.992 Executing VM operation: HandshakeAllThreads (Deoptimize) done
Event: 6.216 Executing VM operation: HandshakeAllThreads (Deoptimize)
Event: 6.216 Executing VM operation: HandshakeAllThreads (Deoptimize) done

Events (20 events):
Event: 0.046 Thread 0x000001395863a100 Thread added: 0x000001395863a100
Event: 0.070 Thread 0x00000139769be7c0 Thread added: 0x00000139769be7c0
Event: 0.070 Thread 0x00000139769bf5e0 Thread added: 0x00000139769bf5e0
Event: 0.070 Thread 0x00000139769c69d0 Thread added: 0x00000139769c69d0
Event: 0.070 Thread 0x00000139769c98d0 Thread added: 0x00000139769c98d0
Event: 0.070 Thread 0x00000139769ca330 Thread added: 0x00000139769ca330
Event: 0.071 Thread 0x00000139769ceed0 Thread added: 0x00000139769ceed0
Event: 0.071 Thread 0x00000139769db2a0 Thread added: 0x00000139769db2a0
Event: 0.071 Thread 0x00000139769dc3b0 Thread added: 0x00000139769dc3b0
Event: 0.215 Thread 0x0000013976990260 Thread added: 0x0000013976990260
Event: 0.299 Thread 0x0000013976c99070 Thread added: 0x0000013976c99070
Event: 0.299 Thread 0x0000013976c9b6f0 Thread added: 0x0000013976c9b6f0
Event: 0.368 Thread 0x0000013976cb38e0 Thread added: 0x0000013976cb38e0
Event: 0.877 Thread 0x0000013976cb38e0 Thread exited: 0x0000013976cb38e0
Event: 0.978 Thread 0x000001397b5dda30 Thread added: 0x000001397b5dda30
Event: 2.967 Thread 0x000001397bdf2030 Thread added: 0x000001397bdf2030
Event: 3.601 Thread 0x000001397bedfb40 Thread added: 0x000001397bedfb40
Event: 3.670 Thread 0x000001397bedfb40 Thread exited: 0x000001397bedfb40
Event: 4.575 Thread 0x000001397bdf2030 Thread exited: 0x000001397bdf2030
Event: 6.257 Thread 0x000001397e6dc500 Thread added: 0x000001397e6dc500


Dynamic libraries:
0x00007ff63d4f0000 - 0x00007ff63d500000 	C:\Program Files\Java\jdk-21\bin\java.exe
0x00007fffc88b0000 - 0x00007fffc8ac7000 	C:\Windows\SYSTEM32\ntdll.dll
0x00007fffc7510000 - 0x00007fffc75d4000 	C:\Windows\System32\KERNEL32.DLL
0x00007fffc5c40000 - 0x00007fffc5ff7000 	C:\Windows\System32\KERNELBASE.dll
0x00007fffc6340000 - 0x00007fffc6451000 	C:\Windows\System32\ucrtbase.dll
0x00007fffc16c0000 - 0x00007fffc16d9000 	C:\Program Files\Java\jdk-21\bin\jli.dll
0x00007fffc87b0000 - 0x00007fffc8862000 	C:\Windows\System32\ADVAPI32.dll
0x00007fffc6e20000 - 0x00007fffc6ec7000 	C:\Windows\System32\msvcrt.dll
0x00007fffc71f0000 - 0x00007fffc7298000 	C:\Windows\System32\sechost.dll
0x00007fffc6580000 - 0x00007fffc65a8000 	C:\Windows\System32\bcrypt.dll
0x00007fffc8200000 - 0x00007fffc8314000 	C:\Windows\System32\RPCRT4.dll
0x00007fffc6ee0000 - 0x00007fffc708f000 	C:\Windows\System32\USER32.dll
0x00007fffc65b0000 - 0x00007fffc65d6000 	C:\Windows\System32\win32u.dll
0x00007fffc85d0000 - 0x00007fffc85f9000 	C:\Windows\System32\GDI32.dll
0x00007fffc6460000 - 0x00007fffc6578000 	C:\Windows\System32\gdi32full.dll
0x00007fffc6000000 - 0x00007fffc609a000 	C:\Windows\System32\msvcp_win.dll
0x00007fffb60b0000 - 0x00007fffb60cb000 	C:\Program Files\Java\jdk-21\bin\VCRUNTIME140.dll
0x00007fffc4d40000 - 0x00007fffc4fd3000 	C:\Windows\WinSxS\amd64_microsoft.windows.common-controls_6595b64144ccf1df_6.0.22621.3672_none_2713b9d173822955\COMCTL32.dll
0x00007fffc5820000 - 0x00007fffc582a000 	C:\Windows\SYSTEM32\VERSION.dll
0x00007fffc74c0000 - 0x00007fffc74f1000 	C:\Windows\System32\IMM32.DLL
0x000000006f5a0000 - 0x000000006f5ac000 	C:\Program Files (x86)\360\Total Security\safemon\SafeWrapper.dll
0x00007fff6d780000 - 0x00007fff6d82c000 	C:\Program Files (x86)\360\Total Security\safemon\libzdtp64.dll
0x00007fffc7770000 - 0x00007fffc7fd9000 	C:\Windows\System32\SHELL32.dll
0x00007fffc7ff0000 - 0x00007fffc804e000 	C:\Windows\System32\SHLWAPI.dll
0x00007fffc4c70000 - 0x00007fffc4c7c000 	C:\Program Files\Java\jdk-21\bin\vcruntime140_1.dll
0x00007fffb0840000 - 0x00007fffb08ce000 	C:\Program Files\Java\jdk-21\bin\msvcp140.dll
0x00007fff54480000 - 0x00007fff55195000 	C:\Program Files\Java\jdk-21\bin\server\jvm.dll
0x00007fffc8450000 - 0x00007fffc84c1000 	C:\Windows\System32\WS2_32.dll
0x00007fffc5460000 - 0x00007fffc54ad000 	C:\Windows\SYSTEM32\POWRPROF.dll
0x00007fffbdee0000 - 0x00007fffbdf14000 	C:\Windows\SYSTEM32\WINMM.dll
0x00007fffc5150000 - 0x00007fffc5163000 	C:\Windows\SYSTEM32\UMPDC.dll
0x00007fffc3c30000 - 0x00007fffc3c48000 	C:\Windows\SYSTEM32\kernel.appcore.dll
0x00007fffc4ba0000 - 0x00007fffc4baa000 	C:\Program Files\Java\jdk-21\bin\jimage.dll
0x00007fffc54b0000 - 0x00007fffc56e2000 	C:\Windows\SYSTEM32\DBGHELP.DLL
0x00007fffc65e0000 - 0x00007fffc696e000 	C:\Windows\System32\combase.dll
0x00007fffc86d0000 - 0x00007fffc87a7000 	C:\Windows\System32\OLEAUT32.dll
0x00007fffc5350000 - 0x00007fffc5382000 	C:\Windows\SYSTEM32\dbgcore.DLL
0x00007fffc5bc0000 - 0x00007fffc5c3b000 	C:\Windows\System32\bcryptPrimitives.dll
0x00007fffbe5f0000 - 0x00007fffbe5ff000 	C:\Program Files\Java\jdk-21\bin\instrument.dll
0x00007fffb0770000 - 0x00007fffb078f000 	C:\Program Files\Java\jdk-21\bin\java.dll
0x00007fffc2b50000 - 0x00007fffc344f000 	C:\Windows\SYSTEM32\windows.storage.dll
0x00007fffc2a10000 - 0x00007fffc2b4f000 	C:\Windows\SYSTEM32\wintypes.dll
0x00007fffc84d0000 - 0x00007fffc85c9000 	C:\Windows\System32\SHCORE.dll
0x00007fffc5af0000 - 0x00007fffc5b17000 	C:\Windows\SYSTEM32\profapi.dll
0x00007fff563d0000 - 0x00007fff564a7000 	C:\Program Files\Java\jdk-21\bin\jsvml.dll
0x00007fffb6020000 - 0x00007fffb6038000 	C:\Program Files\Java\jdk-21\bin\zip.dll
0x00007fffb6170000 - 0x00007fffb6180000 	C:\Program Files\Java\jdk-21\bin\net.dll
0x00007fffbefe0000 - 0x00007fffbf116000 	C:\Windows\SYSTEM32\WINHTTP.dll
0x00007fffc4000000 - 0x00007fffc4069000 	C:\Windows\system32\mswsock.dll
0x00007fffb6040000 - 0x00007fffb6056000 	C:\Program Files\Java\jdk-21\bin\nio.dll
0x00007fff83b90000 - 0x00007fff83baa000 	C:\Users\DELL\Desktop\IntelliJ IDEA 2024.2\bin\breakgen64.dll
0x00007fffb1380000 - 0x00007fffb1387000 	C:\Program Files\Java\jdk-21\bin\extnet.dll
0x00007fff939a0000 - 0x00007fff939b0000 	C:\Program Files\Java\jdk-21\bin\verify.dll
0x00007fffb0830000 - 0x00007fffb083e000 	C:\Program Files\Java\jdk-21\bin\sunmscapi.dll
0x00007fffc6110000 - 0x00007fffc6276000 	C:\Windows\System32\CRYPT32.dll
0x00007fffc5020000 - 0x00007fffc504d000 	C:\Windows\SYSTEM32\ncrypt.dll
0x00007fffc4fe0000 - 0x00007fffc5017000 	C:\Windows\SYSTEM32\NTASN1.dll

dbghelp: loaded successfully - version: 4.0.5 - missing functions: none
symbol engine: initialized successfully - sym options: 0x614 - pdb path: .;C:\Program Files\Java\jdk-21\bin;C:\Windows\SYSTEM32;C:\Windows\WinSxS\amd64_microsoft.windows.common-controls_6595b64144ccf1df_6.0.22621.3672_none_2713b9d173822955;C:\Program Files (x86)\360\Total Security\safemon;C:\Program Files\Java\jdk-21\bin\server;C:\Users\DELL\Desktop\IntelliJ IDEA 2024.2\bin

VM Arguments:
jvm_args: -ea -Didea.test.cyclic.buffer.size=1048576 -javaagent:C:\Users\DELL\Desktop\IntelliJ IDEA 2024.2\lib\idea_rt.jar=60815:C:\Users\DELL\Desktop\IntelliJ IDEA 2024.2\bin -Dfile.encoding=UTF-8 -Dsun.stdout.encoding=UTF-8 -Dsun.stderr.encoding=UTF-8 
java_command: com.intellij.rt.junit.JUnitStarter -ideVersion5 -junit5 africa.semicolon.wallet.userService.UserServiceTest,testThatUserCanEditProfileByPhoneNumber
java_class_path (initial): C:\Users\DELL\.m2\repository\org\junit\platform\junit-platform-launcher\1.10.3\junit-platform-launcher-1.10.3.jar;C:\Users\DELL\Desktop\IntelliJ IDEA 2024.2\lib\idea_rt.jar;C:\Users\DELL\Desktop\IntelliJ IDEA 2024.2\plugins\junit\lib\junit5-rt.jar;C:\Users\DELL\Desktop\IntelliJ IDEA 2024.2\plugins\junit\lib\junit-rt.jar;C:\Users\DELL\Documents\Wallet\target\test-classes;C:\Users\DELL\Documents\Wallet\target\classes;C:\Users\DELL\.m2\repository\org\springframework\boot\spring-boot-starter-data-jdbc\3.3.4\spring-boot-starter-data-jdbc-3.3.4.jar;C:\Users\DELL\.m2\repository\org\springframework\boot\spring-boot-starter-jdbc\3.3.4\spring-boot-starter-jdbc-3.3.4.jar;C:\Users\DELL\.m2\repository\com\zaxxer\HikariCP\5.1.0\HikariCP-5.1.0.jar;C:\Users\DELL\.m2\repository\org\springframework\spring-jdbc\6.1.13\spring-jdbc-6.1.13.jar;C:\Users\DELL\.m2\repository\org\springframework\data\spring-data-jdbc\3.3.4\spring-data-jdbc-3.3.4.jar;C:\Users\DELL\.m2\repository\org\springframework\data\spring-data-relational\3.3.4\spring-data-relational-3.3.4.jar;C:\Users\DELL\.m2\repository\org\springframework\data\spring-data-commons\3.3.4\spring-data-commons-3.3.4.jar;C:\Users\DELL\.m2\repository\org\springframework\spring-tx\6.1.13\spring-tx-6.1.13.jar;C:\Users\DELL\.m2\repository\org\springframework\spring-context\6.1.13\spring-context-6.1.13.jar;C:\Users\DELL\.m2\repository\org\springframework\spring-beans\6.1.13\spring-beans-6.1.13.jar;C:\Users\DELL\.m2\repository\org\slf4j\slf4j-api\2.0.16\slf4j-api-2.0.16.jar;C:\Users\DELL\.m2\repository\org\springframework\boot\spring-boot-starter-data-jpa\3.3.4\spring-boot-starter-data-jpa-3.3.4.jar;C:\Users\DELL\.m2\repository\org\springframework\boot\spring-boot-starter-aop\3.3.4\spring-boot-starter-aop-3.3.4.jar;C:\Users\DELL\.m2\repository\org\springframework\spring-aop\6.1.13\spring-aop-6.1.13.jar;C:\Users\DELL\.m2\repository\org\aspectj\aspectjweaver\1.9.22.1\aspectjweaver-1.9.22.1.jar;C:\Users\DELL\.m2\repository\org\hibernate\orm\hibernate-core\6.5.3.Final\hibernate-core-6.5.3.Final.jar;C:\Users\DELL\.m2\repository\jakarta\persistence\jakarta.persistence-api\3.1.0\jakarta.persistence-api-3.1.0.jar;C:\Users\DELL\.m2\repository\jakarta\transaction\jakarta.transaction-api\2.0.1\jakarta.transaction-api-2.0.1.jar;C:\Users\DELL\.m2\repository\org\hibernate\common\hibernate-commons-annotations\6.0.6.Final\hibernate-commons-annotations-6.0.6.Final.jar;C:\Users\DELL\.m2\repository\io\smallrye\jandex\3.1.2\jandex-3.1.2.jar;C:\Users\DELL\.m2\repository\net\bytebuddy\byte-buddy\1.14.19\byte-buddy-1.14.19.jar;C:\Users\DELL\.m2\repository\org\glassfish\jaxb\jaxb-runtime\4.0.5\jaxb-runtime-4.0.5.jar;C:\Users\DELL\.m2\repository\org\glassfish\jaxb\jaxb-core\4.0.5\jaxb-core-4.0.5.jar;C:\Users\DELL\.m2\repository\org\eclipse\angus\angus-activation\2.0.2\angus-activation-2.0.2.jar;C:\Users\DELL\.m2\repository\org\glassfish\jaxb\txw2\4.0.5\txw2-4.0.5.jar;C:\Users\DELL\.m2\repository\com\sun\istack\istack-commons-runtime\4.1.2\istack-commons-runtime-4.1.2.jar;C:\Users\DELL\.m2\repository\jakarta\inject\jakarta.inject-api\2.0.1\jakarta.inject-api-2.0.1.jar;C:\Users\DELL\.m2\repository\org\antlr\antlr4-runtime\4.13.0\antlr4-runtime-4.13.0.jar;C:\Users\DELL\.m2\repository\org\springframework\data\spring-data-jpa\3.3.4\spring-data-jpa-3.3.4.jar;C:\Users\DELL\.m2\repository\org\springframework\spring-orm\6.1.13\spring-orm-6.1.13.jar;C:\Users\DELL\.m2\repository\jakarta\annotation\jakarta.annotation-api\2.1.1\jakarta.annotation-api-2.1.1.jar;C:\Users\DELL\.m2\repository\org\springframework\spring-aspects\6.1.13\spring-aspects-6.1.13.jar;C:\Users\DELL\.m2\repository\com\paypal\sdk\paypal-core\1.7.2\paypal-core-1.7.2.jar;C:\Users\DELL\.m2\repository\com\google\code\gson\gson\2.10.1\gson-2.10.1.jar;C:\Users\DELL\.m2\repository\org\springframework\boot\spring-boot-starter-web\3.3.4\spring-boot-starter-web-3.3.4.jar;C:\Users\DELL\.m2\repository\org\springframework\boot\spring-boot-starter\3.3.4\spring-boot-starter-3.3.4.jar;C:\Users\DELL\.m2\repository\org\springframework\boot\spring-boot\3.3.4\spring-boot-3.3.4.jar;C:\Users\DELL\.m2\repository\org\springframework\boot\spring-boot-autoconfigure\3.3.4\spring-boot-autoconfigure-3.3.4.jar;C:\Users\DELL\.m2\repository\org\springframework\boot\spring-boot-starter-logging\3.3.4\spring-boot-starter-logging-3.3.4.jar;C:\Users\DELL\.m2\repository\ch\qos\logback\logback-classic\1.5.8\logback-classic-1.5.8.jar;C:\Users\DELL\.m2\repository\ch\qos\logback\logback-core\1.5.8\logback-core-1.5.8.jar;C:\Users\DELL\.m2\repository\org\apache\logging\log4j\log4j-to-slf4j\2.23.1\log4j-to-slf4j-2.23.1.jar;C:\Users\DELL\.m2\repository\org\apache\logging\log4j\log4j-api\2.23.1\log4j-api-2.23.1.jar;C:\Users\DELL\.m2\repository\org\slf4j\jul-to-slf4j\2.0.16\jul-to-slf4j-2.0.16.jar;C:\Users\DELL\.m2\repository\org\yaml\snakeyaml\2.2\snakeyaml-2.2.jar;C:\Users\DELL\.m2\repository\org\springframework\boot\spring-boot-starter-json\3.3.4\spring-boot-starter-json-3.3.4.jar;C:\Users\DELL\.m2\repository\com\fasterxml\jackson\core\jackson-databind\2.17.2\jackson-databind-2.17.2.jar;C:\Users\DELL\.m2\repository\com\fasterxml\jackson\core\jackson-annotations\2.17.2\jackson-annotations-2.17.2.jar;C:\Users\DELL\.m2\repository\com\fasterxml\jackson\core\jackson-core\2.17.2\jackson-core-2.17.2.jar;C:\Users\DELL\.m2\repository\com\fasterxml\jackson\datatype\jackson-datatype-jdk8\2.17.2\jackson-datatype-jdk8-2.17.2.jar;C:\Users\DELL\.m2\repository\com\fasterxml\jackson\datatype\jackson-datatype-jsr310\2.17.2\jackson-datatype-jsr310-2.17.2.jar;C:\Users\DELL\.m2\repository\com\fasterxml\jackson\module\jackson-module-parameter-names\2.17.2\jackson-module-parameter-names-2.17.2.jar;C:\Users\DELL\.m2\repository\org\springframework\boot\spring-boot-starter-tomcat\3.3.4\spring-boot-starter-tomcat-3.3.4.jar;C:\Users\DELL\.m2\repository\org\apache\tomcat\embed\tomcat-embed-core\10.1.30\tomcat-embed-core-10.1.30.jar;C:\Users\DELL\.m2\repository\org\apache\tomcat\embed\tomcat-embed-websocket\10.1.30\tomcat-embed-websocket-10.1.30.jar;C:\Users\DELL\.m2\repository\org\springframework\spring-web\6.1.13\spring-web-6.1.13.jar;C:\Users\DELL\.m2\repository\io\micrometer\micrometer-observation\1.13.4\micrometer-observation-1.13.4.jar;C:\Users\DELL\.m2\repository\io\micrometer\micrometer-commons\1.13.4\micrometer-commons-1.13.4.jar;C:\Users\DELL\.m2\repository\org\springframework\spring-webmvc\6.1.13\spring-webmvc-6.1.13.jar;C:\Users\DELL\.m2\repository\org\springframework\spring-expression\6.1.13\spring-expression-6.1.13.jar;C:\Users\DELL\.m2\repository\com\mysql\mysql-connector-j\8.3.0\mysql-connector-j-8.3.0.jar;C:\Users\DELL\.m2\repository\org\projectlombok\lombok\1.18.34\lombok-1.18.34.jar;C:\Users\DELL\.m2\repository\org\springframework\security\spring-security-crypto\6.3.1\spring-security-crypto-6.3.1.jar;C:\Users\DELL\.m2\repository\org\springframework\boot\spring-boot-starter-validation\3.3.4\spring-boot-starter-validation-3.3.4.jar;C:\Users\DELL\.m2\repository\org\apache\tomcat\embed\tomcat-embed-el\10.1.30\tomcat-embed-el-10.1.30.jar;C:\Users\DELL\.m2\repository\org\mapstruct\mapstruct\1.5.5.Final\mapstruct-1.5.5.Final.jar;C:\Users\DELL\.m2\repository\org\apache\httpcomponents\httpclient\4.5.14\httpclient-4.5.14.jar;C:\Users\DELL\.m2\repository\org\apache\httpcomponents\httpcore\4.4.16\httpcore-4.4.16.jar;C:\Users\DELL\.m2\repository\commons-logging\commons-logging\1.2\commons-logging-1.2.jar;C:\Users\DELL\.m2\repository\commons-codec\commons-codec\1.16.1\commons-codec-1.16.1.jar;C:\Users\DELL\.m2\repository\org\hibernate\validator\hibernate-validator\8.0.1.Final\hibernate-validator-8.0.1.Final.jar;C:\Users\DELL\.m2\repository\jakarta\validation\jakarta.validation-api\3.0.2\jakarta.validation-api-3.0.2.jar;C:\Users\DELL\.m2\repository\org\jboss\logging\jboss-logging\3.5.3.Final\jboss-logging-3.5.3.Final.jar;C:\Users\DELL\.m2\repository\com\fasterxml\classmate\1.7.0\classmate-1.7.0.jar;C:\Users\DELL\.m2\repository\org\glassfish\jakarta.el\4.0.2\jakarta.el-4.0.2.jar;C:\Users\DELL\.m2\repository\jakarta\el\jakarta.el-api\4.0.0\jakarta.el-api-4.0.0.jar;C:\Users\DELL\.m2\repository\org\springframework\boot\spring-boot-starter-test\3.3.4\spring-boot-starter-test-3.3.4.jar;C:\Users\DELL\.m2\repository\org\springframework\boot\spring-boot-test\3.3.4\spring-boot-test-3.3.4.jar;C:\Users\DELL\.m2\repository\org\springframework\boot\spring-boot-test-autoconfigure\3.3.4\spring-boot-test-autoconfigure-3.3.4.jar;C:\Users\DELL\.m2\repository\com\jayway\jsonpath\json-path\2.9.0\json-path-2.9.0.jar;C:\Users\DELL\.m2\repository\jakarta\xml\bind\jakarta.xml.bind-api\4.0.2\jakarta.xml.bind-api-4.0.2.jar;C:\Users\DELL\.m2\repository\jakarta\activation\jakarta.activation-api\2.1.3\jakarta.activation-api-2.1.3.jar;C:\Users\DELL\.m2\repository\net\minidev\json-smart\2.5.1\json-smart-2.5.1.jar;C:\Users\DELL\.m2\repository\net\minidev\accessors-smart\2.5.1\accessors-smart-2.5.1.jar;C:\Users\DELL\.m2\repository\org\ow2\asm\asm\9.6\asm-9.6.jar;C:\Users\DELL\.m2\repository\org\assertj\assertj-core\3.25.3\assertj-core-3.25.3.jar;C:\Users\DELL\.m2\repository\org\awaitility\awaitility\4.2.2\awaitility-4.2.2.jar;C:\Users\DELL\.m2\repository\org\hamcrest\hamcrest\2.2\hamcrest-2.2.jar;C:\Users\DELL\.m2\repository\org\junit\jupiter\junit-jupiter\5.10.3\junit-jupiter-5.10.3.jar;C:\Users\DELL\.m2\repository\org\junit\jupiter\junit-jupiter-api\5.10.3\junit-jupiter-api-5.10.3.jar;C:\Users\DELL\.m2\repository\org\opentest4j\opentest4j\1.3.0\opentest4j-1.3.0.jar;C:\Users\DELL\.m2\repository\org\junit\platform\junit-platform-commons\1.10.3\junit-platform-commons-1.10.3.jar;C:\Users\DELL\.m2\repository\org\apiguardian\apiguardian-api\1.1.2\apiguardian-api-1.1.2.jar;C:\Users\DELL\.m2\repository\org\junit\jupiter\junit-jupiter-params\5.10.3\junit-jupiter-params-5.10.3.jar;C:\Users\DELL\.m2\repository\org\junit\jupiter\junit-jupiter-engine\5.10.3\junit-jupiter-engine-5.10.3.jar;C:\Users\DELL\.m2\repository\org\junit\platform\junit-platform-engine\1.10.3\junit-platform-engine-1.10.3.jar;C:\Users\DELL\.m2\repository\org\mockito\mockito-core\5.11.0\mockito-core-5.11.0.jar;C:\Users\DELL\.m2\repository\net\bytebuddy\byte-buddy-agent\1.14.19\byte-buddy-agent-1.14.19.jar;C:\Users\DELL\.m2\repository\org\objenesis\objenesis\3.3\objenesis-3.3.jar;C:\Users\DELL\.m2\repository\org\mockito\mockito-junit-jupiter\5.11.0\mockito-junit-jupiter-5.11.0.jar;C:\Users\DELL\.m2\repository\org\skyscreamer\jsonassert\1.5.3\jsonassert-1.5.3.jar;C:\Users\DELL\.m2\repository\com\vaadin\external\google\android-json\0.0.20131108.vaadin1\android-json-0.0.20131108.vaadin1.jar;C:\Users\DELL\.m2\repository\org\springframework\spring-core\6.1.13\spring-core-6.1.13.jar;C:\Users\DELL\.m2\repository\org\springframework\spring-jcl\6.1.13\spring-jcl-6.1.13.jar;C:\Users\DELL\.m2\repository\org\springframework\spring-test\6.1.13\spring-test-6.1.13.jar;C:\Users\DELL\.m2\repository\org\xmlunit\xmlunit-core\2.9.1\xmlunit-core-2.9.1.jar
Launcher Type: SUN_STANDARD

[Global flags]
     intx CICompilerCount                          = 3                                         {product} {ergonomic}
     uint ConcGCThreads                            = 1                                         {product} {ergonomic}
     uint G1ConcRefinementThreads                  = 4                                         {product} {ergonomic}
   size_t G1HeapRegionSize                         = 1048576                                   {product} {ergonomic}
    uintx GCDrainStackTargetSize                   = 64                                        {product} {ergonomic}
   size_t InitialHeapSize                          = 134217728                                 {product} {ergonomic}
   size_t MarkStackSize                            = 4194304                                   {product} {ergonomic}
   size_t MaxHeapSize                              = 2120220672                                {product} {ergonomic}
   size_t MaxNewSize                               = 1271922688                                {product} {ergonomic}
   size_t MinHeapDeltaBytes                        = 1048576                                   {product} {ergonomic}
   size_t MinHeapSize                              = 8388608                                   {product} {ergonomic}
    uintx NonNMethodCodeHeapSize                   = 5832780                                {pd product} {ergonomic}
    uintx NonProfiledCodeHeapSize                  = 122912730                              {pd product} {ergonomic}
    uintx ProfiledCodeHeapSize                     = 122912730                              {pd product} {ergonomic}
    uintx ReservedCodeCacheSize                    = 251658240                              {pd product} {ergonomic}
     bool SegmentedCodeCache                       = true                                      {product} {ergonomic}
   size_t SoftMaxHeapSize                          = 2120220672                             {manageable} {ergonomic}
     bool UseCompressedOops                        = true                           {product lp64_product} {ergonomic}
     bool UseG1GC                                  = true                                      {product} {ergonomic}
     bool UseLargePagesIndividualAllocation        = false                                  {pd product} {ergonomic}

Logging:
Log output configuration:
 #0: stdout all=warning uptime,level,tags foldmultilines=false
 #1: stderr all=off uptime,level,tags foldmultilines=false

Environment Variables:
JAVA_HOME=C:\Program Files\Java\jdk-21
PATH=C:\Program Files (x86)\Common Files\Oracle\Java\javapath;C:\Program Files\Common Files\Oracle\Java\javapath;C:\Windows\system32;C:\Windows;C:\Windows\System32\Wbem;C:\Windows\System32\WindowsPowerShell\v1.0\;C:\Windows\System32\OpenSSH\;C:\Program Files\Git\cmd;C:\Program Files (x86)\Microsoft SQL Server\150\DTS\Binn\;C:\Program Files\Microsoft SQL Server\Client SDK\ODBC\130\Tools\Binn\;C:\Program Files (x86)\Microsoft SQL Server\140\Tools\Binn\;C:\Program Files\Microsoft SQL Server\140\Tools\Binn\;C:\Program Files\Microsoft SQL Server\140\DTS\Binn\;C:\Program Files\nodejs\;C:\Program Files\Go\bin;C:\Program Files\Docker\Docker\resources\bin;C:\Program Files\PuTTY\;C:\Program Files\Java\jdk-21\bin;C:\Users\DELL\.cargo\bin;C:\Program Files\MySQL\MySQL Shell 8.0\bin\;C:\Users\DELL\AppData\Local\Programs\Python\Python312\Scripts\;C:\Users\DELL\AppData\Local\Programs\Python\Python312\;C:\Users\DELL\AppData\Local\Microsoft\WindowsApps;C:\Program Files\JetBrains\IntelliJ IDEA 2023.3.2\bin;;C:\Users\DELL\AppData\Local\Programs\Microsoft VS Code\bin;C:\Users\DELL\AppData\Roaming\npm;C:\Users\DELL\go\bin;C:\Program Files\Java\jdk-21\bin;C:\Program Files\Java\jdk-21\bin;
USERNAME=DELL
OS=Windows_NT
PROCESSOR_IDENTIFIER=Intel64 Family 6 Model 78 Stepping 3, GenuineIntel
TMP=C:\Users\DELL\AppData\Local\Temp
TEMP=C:\Users\DELL\AppData\Local\Temp




Periodic native trim disabled

---------------  S Y S T E M  ---------------

OS:
 Windows 11 , 64 bit Build 22621 (10.0.22621.3958)
OS uptime: 0 days 15:04 hours
Hyper-V role detected

CPU: total 4 (initial active 4) (2 cores per cpu, 2 threads per core) family 6 model 78 stepping 3 microcode 0xf0, cx8, cmov, fxsr, ht, mmx, 3dnowpref, sse, sse2, sse3, ssse3, sse4.1, sse4.2, popcnt, lzcnt, tsc, tscinvbit, avx, avx2, aes, erms, clmul, bmi1, bmi2, rtm, adx, fma, vzeroupper, clflush, clflushopt, hv, rdtscp, f16c
Processor Information for all 4 processors :
  Max Mhz: 2501, Current Mhz: 2501, Mhz Limit: 2501

Memory: 4k page, system-wide physical 8083M (983M free)
TotalPageFile size 15237M (AvailPageFile size 2905M)
current process WorkingSet (physical memory assigned to process): 202M, peak: 205M
current process commit charge ("private bytes"): 239M, peak: 267M

vm_info: Java HotSpot(TM) 64-Bit Server VM (21.0.1+12-LTS-29) for windows-amd64 JRE (21.0.1+12-LTS-29), built on 2023-10-05T13:27:09Z by "mach5one" with MS VC++ 17.1 (VS2022)

END.
